<?xml version="1.0" encoding="UTF-8"?>
<testsuite xmlns:xsi="http://www.w3.org/2001/XMLSchema-instance" xsi:noNamespaceSchemaLocation="https://maven.apache.org/surefire/maven-surefire-plugin/xsd/surefire-test-report-3.0.xsd" version="3.0" name="com.henriorespati.rhpamdemo.BusinessProcess1Test" time="0.068" tests="1" errors="0" skipped="0" failures="0">
  <properties>
    <property name="java.specification.version" value="19"/>
    <property name="sun.jnu.encoding" value="UTF-8"/>
    <property name="java.class.path" value="/Users/henriorespati/Documents/RH/Github/rhpamdemo/project/target/test-classes:/Users/henriorespati/Documents/RH/Github/rhpamdemo/project/target/classes:/Users/henriorespati/.m2/repository/org/kie/kie-api/7.67.0.Final-redhat-00019/kie-api-7.67.0.Final-redhat-00019.jar:/Users/henriorespati/.m2/repository/org/kie/soup/kie-soup-maven-support/7.67.0.Final-redhat-00019/kie-soup-maven-support-7.67.0.Final-redhat-00019.jar:/Users/henriorespati/.m2/repository/org/slf4j/slf4j-api/1.7.30.redhat-00004/slf4j-api-1.7.30.redhat-00004.jar:/Users/henriorespati/.m2/repository/org/kie/kie-internal/7.67.0.Final-redhat-00019/kie-internal-7.67.0.Final-redhat-00019.jar:/Users/henriorespati/.m2/repository/org/optaplanner/optaplanner-core/7.67.0.Final-redhat-00019/optaplanner-core-7.67.0.Final-redhat-00019.jar:/Users/henriorespati/.m2/repository/org/drools/drools-core/7.67.0.Final-redhat-00019/drools-core-7.67.0.Final-redhat-00019.jar:/Users/henriorespati/.m2/repository/org/kie/soup/kie-soup-xstream/7.67.0.Final-redhat-00019/kie-soup-xstream-7.67.0.Final-redhat-00019.jar:/Users/henriorespati/.m2/repository/org/drools/drools-core-dynamic/7.67.0.Final-redhat-00019/drools-core-dynamic-7.67.0.Final-redhat-00019.jar:/Users/henriorespati/.m2/repository/commons-codec/commons-codec/1.15.0.redhat-00001/commons-codec-1.15.0.redhat-00001.jar:/Users/henriorespati/.m2/repository/org/drools/drools-mvel/7.67.0.Final-redhat-00019/drools-mvel-7.67.0.Final-redhat-00019.jar:/Users/henriorespati/.m2/repository/org/kie/soup/kie-soup-project-datamodel-commons/7.67.0.Final-redhat-00019/kie-soup-project-datamodel-commons-7.67.0.Final-redhat-00019.jar:/Users/henriorespati/.m2/repository/org/drools/drools-canonical-model/7.67.0.Final-redhat-00019/drools-canonical-model-7.67.0.Final-redhat-00019.jar:/Users/henriorespati/.m2/repository/org/drools/drools-model-compiler/7.67.0.Final-redhat-00019/drools-model-compiler-7.67.0.Final-redhat-00019.jar:/Users/henriorespati/.m2/repository/org/drools/drools-mvel-compiler/7.67.0.Final-redhat-00019/drools-mvel-compiler-7.67.0.Final-redhat-00019.jar:/Users/henriorespati/.m2/repository/org/apache/commons/commons-lang3/3.11.0.redhat-00001/commons-lang3-3.11.0.redhat-00001.jar:/Users/henriorespati/.m2/repository/org/apache/commons/commons-math3/3.4.1.redhat-3/commons-math3-3.4.1.redhat-3.jar:/Users/henriorespati/.m2/repository/org/reflections/reflections/0.9.11.redhat-00004/reflections-0.9.11.redhat-00004.jar:/Users/henriorespati/.m2/repository/com/google/guava/guava/25.0.0.redhat-1/guava-25.0.0.redhat-1.jar:/Users/henriorespati/.m2/repository/com/google/code/findbugs/jsr305/1.3.9/jsr305-1.3.9.jar:/Users/henriorespati/.m2/repository/org/checkerframework/checker-compat-qual/2.0.0/checker-compat-qual-2.0.0.jar:/Users/henriorespati/.m2/repository/com/google/errorprone/error_prone_annotations/2.1.3/error_prone_annotations-2.1.3.jar:/Users/henriorespati/.m2/repository/com/google/j2objc/j2objc-annotations/1.1/j2objc-annotations-1.1.jar:/Users/henriorespati/.m2/repository/org/codehaus/mojo/animal-sniffer-annotations/1.14/animal-sniffer-annotations-1.14.jar:/Users/henriorespati/.m2/repository/org/optaplanner/optaplanner-persistence-jaxb/7.67.0.Final-redhat-00019/optaplanner-persistence-jaxb-7.67.0.Final-redhat-00019.jar:/Users/henriorespati/.m2/repository/org/optaplanner/optaplanner-persistence-common/7.67.0.Final-redhat-00019/optaplanner-persistence-common-7.67.0.Final-redhat-00019.jar:/Users/henriorespati/.m2/repository/jakarta/xml/bind/jakarta.xml.bind-api/2.3.3.redhat-00002/jakarta.xml.bind-api-2.3.3.redhat-00002.jar:/Users/henriorespati/.m2/repository/jakarta/activation/jakarta.activation-api/1.2.2.redhat-00001/jakarta.activation-api-1.2.2.redhat-00001.jar:/Users/henriorespati/.m2/repository/junit/junit/4.13.2/junit-4.13.2.jar:/Users/henriorespati/.m2/repository/org/hamcrest/hamcrest-core/1.3/hamcrest-core-1.3.jar:/Users/henriorespati/.m2/repository/com/thoughtworks/xstream/xstream/1.4.19.redhat-00001/xstream-1.4.19.redhat-00001.jar:/Users/henriorespati/.m2/repository/io/github/x-stream/mxparser/1.2.2/mxparser-1.2.2.jar:/Users/henriorespati/.m2/repository/xmlpull/xmlpull/1.1.3.1/xmlpull-1.1.3.1.jar:/Users/henriorespati/.m2/repository/org/drools/drools-scenario-simulation-api/7.67.0.Final-redhat-00019/drools-scenario-simulation-api-7.67.0.Final-redhat-00019.jar:/Users/henriorespati/.m2/repository/org/kie/soup/kie-soup-project-datamodel-api/7.67.0.Final-redhat-00019/kie-soup-project-datamodel-api-7.67.0.Final-redhat-00019.jar:/Users/henriorespati/.m2/repository/org/drools/drools-scenario-simulation-backend/7.67.0.Final-redhat-00019/drools-scenario-simulation-backend-7.67.0.Final-redhat-00019.jar:/Users/henriorespati/.m2/repository/com/fasterxml/jackson/core/jackson-databind/2.12.6.1-redhat-00004/jackson-databind-2.12.6.1-redhat-00004.jar:/Users/henriorespati/.m2/repository/com/fasterxml/jackson/core/jackson-annotations/2.12.6.redhat-00001/jackson-annotations-2.12.6.redhat-00001.jar:/Users/henriorespati/.m2/repository/com/fasterxml/jackson/core/jackson-core/2.12.6.redhat-00001/jackson-core-2.12.6.redhat-00001.jar:/Users/henriorespati/.m2/repository/org/kie/soup/kie-soup-commons/7.67.0.Final-redhat-00019/kie-soup-commons-7.67.0.Final-redhat-00019.jar:/Users/henriorespati/.m2/repository/org/mvel/mvel2/2.4.14.Final/mvel2-2.4.14.Final.jar:/Users/henriorespati/.m2/repository/org/drools/drools-compiler/7.67.0.Final-redhat-00019/drools-compiler-7.67.0.Final-redhat-00019.jar:/Users/henriorespati/.m2/repository/org/drools/drools-core-reflective/7.67.0.Final-redhat-00019/drools-core-reflective-7.67.0.Final-redhat-00019.jar:/Users/henriorespati/.m2/repository/org/kie/kie-memory-compiler/7.67.0.Final-redhat-00019/kie-memory-compiler-7.67.0.Final-redhat-00019.jar:/Users/henriorespati/.m2/repository/org/drools/drools-ecj/7.67.0.Final-redhat-00019/drools-ecj-7.67.0.Final-redhat-00019.jar:/Users/henriorespati/.m2/repository/org/antlr/antlr-runtime/3.5.2.redhat-1/antlr-runtime-3.5.2.redhat-1.jar:/Users/henriorespati/.m2/repository/org/drools/drools-decisiontables/7.67.0.Final-redhat-00019/drools-decisiontables-7.67.0.Final-redhat-00019.jar:/Users/henriorespati/.m2/repository/org/drools/drools-templates/7.67.0.Final-redhat-00019/drools-templates-7.67.0.Final-redhat-00019.jar:/Users/henriorespati/.m2/repository/org/apache/poi/poi-ooxml/4.1.2/poi-ooxml-4.1.2.jar:/Users/henriorespati/.m2/repository/org/apache/poi/poi-ooxml-schemas/4.1.2/poi-ooxml-schemas-4.1.2.jar:/Users/henriorespati/.m2/repository/org/apache/xmlbeans/xmlbeans/3.1.0/xmlbeans-3.1.0.jar:/Users/henriorespati/.m2/repository/org/apache/commons/commons-compress/1.19/commons-compress-1.19.jar:/Users/henriorespati/.m2/repository/com/github/virtuald/curvesapi/1.06/curvesapi-1.06.jar:/Users/henriorespati/.m2/repository/org/apache/poi/poi/4.1.2/poi-4.1.2.jar:/Users/henriorespati/.m2/repository/org/apache/commons/commons-collections4/4.4/commons-collections4-4.4.jar:/Users/henriorespati/.m2/repository/com/zaxxer/SparseBitSet/1.2/SparseBitSet-1.2.jar:/Users/henriorespati/.m2/repository/org/drools/drools-workbench-models-guided-dtable/7.67.0.Final-redhat-00019/drools-workbench-models-guided-dtable-7.67.0.Final-redhat-00019.jar:/Users/henriorespati/.m2/repository/org/drools/drools-workbench-models-datamodel-api/7.67.0.Final-redhat-00019/drools-workbench-models-datamodel-api-7.67.0.Final-redhat-00019.jar:/Users/henriorespati/.m2/repository/org/drools/drools-workbench-models-commons/7.67.0.Final-redhat-00019/drools-workbench-models-commons-7.67.0.Final-redhat-00019.jar:/Users/henriorespati/.m2/repository/org/jbpm/jbpm-bpmn2/7.67.0.Final-redhat-00019/jbpm-bpmn2-7.67.0.Final-redhat-00019.jar:/Users/henriorespati/.m2/repository/org/jbpm/jbpm-flow-builder/7.67.0.Final-redhat-00019/jbpm-flow-builder-7.67.0.Final-redhat-00019.jar:/Users/henriorespati/.m2/repository/org/jbpm/jbpm-flow/7.67.0.Final-redhat-00019/jbpm-flow-7.67.0.Final-redhat-00019.jar:/Users/henriorespati/.m2/repository/org/drools/drools-serialization-protobuf/7.67.0.Final-redhat-00019/drools-serialization-protobuf-7.67.0.Final-redhat-00019.jar:/Users/henriorespati/.m2/repository/com/google/protobuf/protobuf-java/3.19.4/protobuf-java-3.19.4.jar:/Users/henriorespati/.m2/repository/com/fasterxml/jackson/datatype/jackson-datatype-jsr310/2.12.6.redhat-00001/jackson-datatype-jsr310-2.12.6.redhat-00001.jar:/Users/henriorespati/.m2/repository/org/kie/kie-dmn-feel/7.67.0.Final-redhat-00019/kie-dmn-feel-7.67.0.Final-redhat-00019.jar:/Users/henriorespati/.m2/repository/org/kie/kie-dmn-model/7.67.0.Final-redhat-00019/kie-dmn-model-7.67.0.Final-redhat-00019.jar:/Users/henriorespati/.m2/repository/org/antlr/antlr4-runtime/4.9.2.redhat-00002/antlr4-runtime-4.9.2.redhat-00002.jar:/Users/henriorespati/.m2/repository/com/github/javaparser/javaparser-core/3.23.1/javaparser-core-3.23.1.jar:/Users/henriorespati/.m2/repository/ch/obermuhlner/big-math/2.0.1/big-math-2.0.1.jar:/Users/henriorespati/.m2/repository/org/kie/kie-dmn-api/7.67.0.Final-redhat-00019/kie-dmn-api-7.67.0.Final-redhat-00019.jar:/Users/henriorespati/.m2/repository/org/kie/kie-dmn-core/7.67.0.Final-redhat-00019/kie-dmn-core-7.67.0.Final-redhat-00019.jar:/Users/henriorespati/.m2/repository/org/kie/kie-dmn-backend/7.67.0.Final-redhat-00019/kie-dmn-backend-7.67.0.Final-redhat-00019.jar:/Users/henriorespati/.m2/repository/org/drools/drools-ruleunit/7.67.0.Final-redhat-00019/drools-ruleunit-7.67.0.Final-redhat-00019.jar:/Users/henriorespati/.m2/repository/org/drools/drools-mvel-parser/7.67.0.Final-redhat-00019/drools-mvel-parser-7.67.0.Final-redhat-00019.jar:/Users/henriorespati/.m2/repository/org/drools/drools-alphanetwork-compiler/7.67.0.Final-redhat-00019/drools-alphanetwork-compiler-7.67.0.Final-redhat-00019.jar:/Users/henriorespati/.m2/repository/org/jpmml/pmml-model/1.5.1/pmml-model-1.5.1.jar:/Users/henriorespati/.m2/repository/org/jpmml/pmml-agent/1.5.1/pmml-agent-1.5.1.jar:/Users/henriorespati/.m2/repository/org/jbpm/jbpm-test/7.67.0.Final-redhat-00019/jbpm-test-7.67.0.Final-redhat-00019.jar:/Users/henriorespati/.m2/repository/org/jbpm/jbpm-persistence-jpa/7.67.0.Final-redhat-00019/jbpm-persistence-jpa-7.67.0.Final-redhat-00019.jar:/Users/henriorespati/.m2/repository/org/jbpm/jbpm-persistence-api/7.67.0.Final-redhat-00019/jbpm-persistence-api-7.67.0.Final-redhat-00019.jar:/Users/henriorespati/.m2/repository/org/drools/drools-persistence-jpa/7.67.0.Final-redhat-00019/drools-persistence-jpa-7.67.0.Final-redhat-00019.jar:/Users/henriorespati/.m2/repository/org/drools/drools-persistence-api/7.67.0.Final-redhat-00019/drools-persistence-api-7.67.0.Final-redhat-00019.jar:/Users/henriorespati/.m2/repository/org/jbpm/jbpm-audit/7.67.0.Final-redhat-00019/jbpm-audit-7.67.0.Final-redhat-00019.jar:/Users/henriorespati/.m2/repository/org/jbpm/jbpm-query-jpa/7.67.0.Final-redhat-00019/jbpm-query-jpa-7.67.0.Final-redhat-00019.jar:/Users/henriorespati/.m2/repository/org/jbpm/jbpm-human-task-core/7.67.0.Final-redhat-00019/jbpm-human-task-core-7.67.0.Final-redhat-00019.jar:/Users/henriorespati/.m2/repository/jakarta/annotation/jakarta.annotation-api/1.3.5.redhat-00003/jakarta.annotation-api-1.3.5.redhat-00003.jar:/Users/henriorespati/.m2/repository/com/sun/mail/jakarta.mail/1.6.5.redhat-00001/jakarta.mail-1.6.5.redhat-00001.jar:/Users/henriorespati/.m2/repository/com/sun/activation/jakarta.activation/1.2.1/jakarta.activation-1.2.1.jar:/Users/henriorespati/.m2/repository/org/slf4j/jcl-over-slf4j/1.7.30.redhat-00004/jcl-over-slf4j-1.7.30.redhat-00004.jar:/Users/henriorespati/.m2/repository/org/jbpm/jbpm-human-task-workitems/7.67.0.Final-redhat-00019/jbpm-human-task-workitems-7.67.0.Final-redhat-00019.jar:/Users/henriorespati/.m2/repository/org/jbpm/jbpm-shared-services/7.67.0.Final-redhat-00019/jbpm-shared-services-7.67.0.Final-redhat-00019.jar:/Users/henriorespati/.m2/repository/org/jbpm/jbpm-services-api/7.67.0.Final-redhat-00019/jbpm-services-api-7.67.0.Final-redhat-00019.jar:/Users/henriorespati/.m2/repository/org/jbpm/jbpm-case-mgmt-api/7.67.0.Final-redhat-00019/jbpm-case-mgmt-api-7.67.0.Final-redhat-00019.jar:/Users/henriorespati/.m2/repository/org/jbpm/jbpm-runtime-manager/7.67.0.Final-redhat-00019/jbpm-runtime-manager-7.67.0.Final-redhat-00019.jar:/Users/henriorespati/.m2/repository/org/eclipse/aether/aether-api/1.1.0.redhat-1/aether-api-1.1.0.redhat-1.jar:/Users/henriorespati/.m2/repository/org/jbpm/jbpm-human-task-audit/7.67.0.Final-redhat-00019/jbpm-human-task-audit-7.67.0.Final-redhat-00019.jar:/Users/henriorespati/.m2/repository/jakarta/inject/jakarta.inject-api/1.0.3.redhat-00001/jakarta.inject-api-1.0.3.redhat-00001.jar:/Users/henriorespati/.m2/repository/org/jbpm/jbpm-human-task-jpa/7.67.0.Final-redhat-00019/jbpm-human-task-jpa-7.67.0.Final-redhat-00019.jar:/Users/henriorespati/.m2/repository/com/h2database/h2/1.4.197.redhat-00004/h2-1.4.197.redhat-00004.jar:/Users/henriorespati/.m2/repository/org/hibernate/hibernate-entitymanager/5.3.20.Final-redhat-00001/hibernate-entitymanager-5.3.20.Final-redhat-00001.jar:/Users/henriorespati/.m2/repository/org/jboss/logging/jboss-logging/3.3.2.Final/jboss-logging-3.3.2.Final.jar:/Users/henriorespati/.m2/repository/org/dom4j/dom4j/2.1.3/dom4j-2.1.3.jar:/Users/henriorespati/.m2/repository/org/hibernate/common/hibernate-commons-annotations/5.0.4.Final/hibernate-commons-annotations-5.0.4.Final.jar:/Users/henriorespati/.m2/repository/javax/persistence/javax.persistence-api/2.2/javax.persistence-api-2.2.jar:/Users/henriorespati/.m2/repository/net/bytebuddy/byte-buddy/1.9.11/byte-buddy-1.9.11.jar:/Users/henriorespati/.m2/repository/org/jboss/spec/javax/transaction/jboss-transaction-api_1.2_spec/1.1.1.Final/jboss-transaction-api_1.2_spec-1.1.1.Final.jar:/Users/henriorespati/.m2/repository/org/hibernate/hibernate-core/5.3.20.Final-redhat-00001/hibernate-core-5.3.20.Final-redhat-00001.jar:/Users/henriorespati/.m2/repository/antlr/antlr/2.7.7/antlr-2.7.7.jar:/Users/henriorespati/.m2/repository/org/jboss/jandex/2.0.5.Final/jandex-2.0.5.Final.jar:/Users/henriorespati/.m2/repository/com/fasterxml/classmate/1.3.4/classmate-1.3.4.jar:/Users/henriorespati/.m2/repository/org/glassfish/jaxb/jaxb-runtime/2.3.1/jaxb-runtime-2.3.1.jar:/Users/henriorespati/.m2/repository/org/glassfish/jaxb/txw2/2.3.1/txw2-2.3.1.jar:/Users/henriorespati/.m2/repository/com/sun/istack/istack-commons-runtime/3.0.7/istack-commons-runtime-3.0.7.jar:/Users/henriorespati/.m2/repository/org/jvnet/staxex/stax-ex/1.8/stax-ex-1.8.jar:/Users/henriorespati/.m2/repository/com/sun/xml/fastinfoset/FastInfoset/1.2.15/FastInfoset-1.2.15.jar:/Users/henriorespati/.m2/repository/jakarta/persistence/jakarta.persistence-api/2.2.3.redhat-00001/jakarta.persistence-api-2.2.3.redhat-00001.jar:/Users/henriorespati/.m2/repository/org/jboss/narayana/jta/narayana-jta/5.9.0.Final-redhat-00001/narayana-jta-5.9.0.Final-redhat-00001.jar:/Users/henriorespati/.m2/repository/org/jboss/jboss-transaction-spi-jakarta/7.6.1.Final-redhat-00002/jboss-transaction-spi-jakarta-7.6.1.Final-redhat-00002.jar:/Users/henriorespati/.m2/repository/org/javassist/javassist/3.26.0.GA-redhat-00001/javassist-3.26.0.GA-redhat-00001.jar:/Users/henriorespati/.m2/repository/jakarta/transaction/jakarta.transaction-api/1.3.3.redhat-00002/jakarta.transaction-api-1.3.3.redhat-00002.jar:/Users/henriorespati/.m2/repository/org/kie/kie-test-util/7.67.0.Final-redhat-00019/kie-test-util-7.67.0.Final-redhat-00019.jar:/Users/henriorespati/.m2/repository/commons-collections/commons-collections/3.2.2.redhat-2/commons-collections-3.2.2.redhat-2.jar:/Users/henriorespati/.m2/repository/org/apache/tomcat/tomcat-dbcp/9.0.21.redhat-5/tomcat-dbcp-9.0.21.redhat-5.jar:/Users/henriorespati/.m2/repository/org/apache/tomcat/tomcat-juli/9.0.21.redhat-5/tomcat-juli-9.0.21.redhat-5.jar:/Users/henriorespati/.m2/repository/simple-jndi/simple-jndi/0.11.4.1/simple-jndi-0.11.4.1.jar:/Users/henriorespati/.m2/repository/ch/qos/logback/logback-classic/1.2.8/logback-classic-1.2.8.jar:/Users/henriorespati/.m2/repository/ch/qos/logback/logback-core/1.2.8/logback-core-1.2.8.jar:/Users/henriorespati/.m2/repository/org/apache/maven/maven-model/3.3.9.redhat-2/maven-model-3.3.9.redhat-2.jar:/Users/henriorespati/.m2/repository/org/codehaus/plexus/plexus-utils/3.0.22.redhat-00001/plexus-utils-3.0.22.redhat-00001.jar:/Users/henriorespati/.m2/repository/org/jbpm/jbpm-test-util/7.67.0.Final-redhat-00019/jbpm-test-util-7.67.0.Final-redhat-00019.jar:/Users/henriorespati/.m2/repository/commons-io/commons-io/2.7.0.redhat-00003/commons-io-2.7.0.redhat-00003.jar:/Users/henriorespati/.m2/repository/org/kie/kie-ci/7.67.0.Final-redhat-00019/kie-ci-7.67.0.Final-redhat-00019.jar:/Users/henriorespati/.m2/repository/org/kie/soup/kie-soup-maven-integration/7.67.0.Final-redhat-00019/kie-soup-maven-integration-7.67.0.Final-redhat-00019.jar:/Users/henriorespati/.m2/repository/org/apache/maven/maven-artifact/3.3.9.redhat-2/maven-artifact-3.3.9.redhat-2.jar:/Users/henriorespati/.m2/repository/org/apache/maven/maven-plugin-api/3.3.9.redhat-2/maven-plugin-api-3.3.9.redhat-2.jar:/Users/henriorespati/.m2/repository/org/eclipse/aether/aether-util/1.1.0.redhat-1/aether-util-1.1.0.redhat-1.jar:/Users/henriorespati/.m2/repository/org/eclipse/aether/aether-spi/1.1.0.redhat-1/aether-spi-1.1.0.redhat-1.jar:/Users/henriorespati/.m2/repository/org/eclipse/aether/aether-transport-file/1.1.0.redhat-1/aether-transport-file-1.1.0.redhat-1.jar:/Users/henriorespati/.m2/repository/org/eclipse/aether/aether-transport-http/1.1.0.redhat-1/aether-transport-http-1.1.0.redhat-1.jar:/Users/henriorespati/.m2/repository/jakarta/enterprise/jakarta.enterprise.cdi-api/2.0.2.redhat-00004/jakarta.enterprise.cdi-api-2.0.2.redhat-00004.jar:/Users/henriorespati/.m2/repository/jakarta/el/jakarta.el-api/3.0.3.redhat-00002/jakarta.el-api-3.0.3.redhat-00002.jar:/Users/henriorespati/.m2/repository/jakarta/interceptor/jakarta.interceptor-api/1.2.5.redhat-00002/jakarta.interceptor-api-1.2.5.redhat-00002.jar:/Users/henriorespati/.m2/repository/jakarta/ejb/jakarta.ejb-api/3.2.6/jakarta.ejb-api-3.2.6.jar:/Users/henriorespati/.m2/repository/org/apache/ant/ant/1.10.11/ant-1.10.11.jar:/Users/henriorespati/.m2/repository/org/apache/ant/ant-launcher/1.10.11/ant-launcher-1.10.11.jar:/Users/henriorespati/.m2/repository/org/apache/httpcomponents/httpcore/4.4.14.redhat-00001/httpcore-4.4.14.redhat-00001.jar:/Users/henriorespati/.m2/repository/com/google/inject/guice/4.0.0.redhat-00004/guice-4.0.0.redhat-00004-no_aop.jar:/Users/henriorespati/.m2/repository/aopalliance/aopalliance/1.0/aopalliance-1.0.jar:/Users/henriorespati/.m2/repository/org/apache/maven/maven-core/3.3.9.redhat-2/maven-core-3.3.9.redhat-2.jar:/Users/henriorespati/.m2/repository/org/apache/maven/maven-repository-metadata/3.3.9.redhat-2/maven-repository-metadata-3.3.9.redhat-2.jar:/Users/henriorespati/.m2/repository/org/codehaus/plexus/plexus-interpolation/1.21.0.redhat-1/plexus-interpolation-1.21.0.redhat-1.jar:/Users/henriorespati/.m2/repository/org/codehaus/plexus/plexus-component-annotations/1.6.0.redhat-1/plexus-component-annotations-1.6.0.redhat-1.jar:/Users/henriorespati/.m2/repository/org/apache/maven/maven-model-builder/3.3.9.redhat-2/maven-model-builder-3.3.9.redhat-2.jar:/Users/henriorespati/.m2/repository/org/apache/maven/maven-builder-support/3.3.9.redhat-2/maven-builder-support-3.3.9.redhat-2.jar:/Users/henriorespati/.m2/repository/org/apache/maven/maven-settings/3.3.9.redhat-2/maven-settings-3.3.9.redhat-2.jar:/Users/henriorespati/.m2/repository/org/apache/maven/maven-settings-builder/3.3.9.redhat-2/maven-settings-builder-3.3.9.redhat-2.jar:/Users/henriorespati/.m2/repository/org/apache/maven/maven-compat/3.3.9.redhat-2/maven-compat-3.3.9.redhat-2.jar:/Users/henriorespati/.m2/repository/org/apache/maven/maven-aether-provider/3.3.9.redhat-2/maven-aether-provider-3.3.9.redhat-2.jar:/Users/henriorespati/.m2/repository/org/apache/maven/wagon/wagon-provider-api/3.0.0.redhat-2/wagon-provider-api-3.0.0.redhat-2.jar:/Users/henriorespati/.m2/repository/org/sonatype/plexus/plexus-sec-dispatcher/1.3.0.redhat-1/plexus-sec-dispatcher-1.3.0.redhat-1.jar:/Users/henriorespati/.m2/repository/org/codehaus/plexus/plexus-classworlds/2.5.2.redhat-2/plexus-classworlds-2.5.2.redhat-2.jar:/Users/henriorespati/.m2/repository/org/eclipse/aether/aether-impl/1.1.0.redhat-1/aether-impl-1.1.0.redhat-1.jar:/Users/henriorespati/.m2/repository/org/eclipse/aether/aether-connector-basic/1.1.0.redhat-1/aether-connector-basic-1.1.0.redhat-1.jar:/Users/henriorespati/.m2/repository/org/eclipse/aether/aether-transport-wagon/1.1.0.redhat-1/aether-transport-wagon-1.1.0.redhat-1.jar:/Users/henriorespati/.m2/repository/org/eclipse/sisu/org.eclipse.sisu.plexus/0.3.2.redhat-00002/org.eclipse.sisu.plexus-0.3.2.redhat-00002.jar:/Users/henriorespati/.m2/repository/javax/enterprise/cdi-api/1.0/cdi-api-1.0.jar:/Users/henriorespati/.m2/repository/javax/annotation/jsr250-api/1.0/jsr250-api-1.0.jar:/Users/henriorespati/.m2/repository/javax/inject/javax.inject/1/javax.inject-1.jar:/Users/henriorespati/.m2/repository/org/eclipse/sisu/org.eclipse.sisu.inject.extender/0.3.2.redhat-00002/org.eclipse.sisu.inject.extender-0.3.2.redhat-00002.jar:/Users/henriorespati/.m2/repository/org/eclipse/sisu/org.eclipse.sisu.inject/0.3.2.redhat-00002/org.eclipse.sisu.inject-0.3.2.redhat-00002.jar:/Users/henriorespati/.m2/repository/org/apache/maven/wagon/wagon-http/3.0.0.redhat-2/wagon-http-3.0.0.redhat-2.jar:/Users/henriorespati/.m2/repository/org/apache/maven/wagon/wagon-http-shared/3.0.0.redhat-2/wagon-http-shared-3.0.0.redhat-2.jar:/Users/henriorespati/.m2/repository/org/jsoup/jsoup/1.7.2/jsoup-1.7.2.jar:/Users/henriorespati/.m2/repository/org/apache/httpcomponents/httpclient/4.5.3/httpclient-4.5.3.jar:/Users/henriorespati/.m2/repository/org/sonatype/plexus/plexus-cipher/1.7.0.redhat-00001/plexus-cipher-1.7.0.redhat-00001.jar:/Users/henriorespati/.m2/repository/org/junit/jupiter/junit-jupiter-engine/5.9.3/junit-jupiter-engine-5.9.3.jar:/Users/henriorespati/.m2/repository/org/junit/platform/junit-platform-engine/1.9.3/junit-platform-engine-1.9.3.jar:/Users/henriorespati/.m2/repository/org/opentest4j/opentest4j/1.2.0/opentest4j-1.2.0.jar:/Users/henriorespati/.m2/repository/org/junit/platform/junit-platform-commons/1.9.3/junit-platform-commons-1.9.3.jar:/Users/henriorespati/.m2/repository/org/junit/jupiter/junit-jupiter-api/5.9.3/junit-jupiter-api-5.9.3.jar:/Users/henriorespati/.m2/repository/org/apiguardian/apiguardian-api/1.1.2/apiguardian-api-1.1.2.jar:"/>
    <property name="java.vm.vendor" value="Homebrew"/>
    <property name="sun.arch.data.model" value="64"/>
    <property name="java.vendor.url" value="https://github.com/Homebrew/homebrew-core/issues"/>
    <property name="user.timezone" value="Asia/Jakarta"/>
    <property name="os.name" value="Mac OS X"/>
    <property name="java.vm.specification.version" value="19"/>
    <property name="sun.java.launcher" value="SUN_STANDARD"/>
    <property name="user.country" value="ID"/>
    <property name="sun.boot.library.path" value="/opt/homebrew/Cellar/openjdk/19.0.2/libexec/openjdk.jdk/Contents/Home/lib"/>
    <property name="sun.java.command" value="/Users/henriorespati/Documents/RH/Github/rhpamdemo/project/target/surefire/surefirebooter-20230511162249212_3.jar /Users/henriorespati/Documents/RH/Github/rhpamdemo/project/target/surefire 2023-05-11T16-22-49_166-jvmRun1 surefire-20230511162249212_1tmp surefire_0-20230511162249212_2tmp"/>
    <property name="http.nonProxyHosts" value="local|*.local|169.254/16|*.169.254/16"/>
    <property name="jdk.debug" value="release"/>
    <property name="surefire.test.class.path" value="/Users/henriorespati/Documents/RH/Github/rhpamdemo/project/target/test-classes:/Users/henriorespati/Documents/RH/Github/rhpamdemo/project/target/classes:/Users/henriorespati/.m2/repository/org/kie/kie-api/7.67.0.Final-redhat-00019/kie-api-7.67.0.Final-redhat-00019.jar:/Users/henriorespati/.m2/repository/org/kie/soup/kie-soup-maven-support/7.67.0.Final-redhat-00019/kie-soup-maven-support-7.67.0.Final-redhat-00019.jar:/Users/henriorespati/.m2/repository/org/slf4j/slf4j-api/1.7.30.redhat-00004/slf4j-api-1.7.30.redhat-00004.jar:/Users/henriorespati/.m2/repository/org/kie/kie-internal/7.67.0.Final-redhat-00019/kie-internal-7.67.0.Final-redhat-00019.jar:/Users/henriorespati/.m2/repository/org/optaplanner/optaplanner-core/7.67.0.Final-redhat-00019/optaplanner-core-7.67.0.Final-redhat-00019.jar:/Users/henriorespati/.m2/repository/org/drools/drools-core/7.67.0.Final-redhat-00019/drools-core-7.67.0.Final-redhat-00019.jar:/Users/henriorespati/.m2/repository/org/kie/soup/kie-soup-xstream/7.67.0.Final-redhat-00019/kie-soup-xstream-7.67.0.Final-redhat-00019.jar:/Users/henriorespati/.m2/repository/org/drools/drools-core-dynamic/7.67.0.Final-redhat-00019/drools-core-dynamic-7.67.0.Final-redhat-00019.jar:/Users/henriorespati/.m2/repository/commons-codec/commons-codec/1.15.0.redhat-00001/commons-codec-1.15.0.redhat-00001.jar:/Users/henriorespati/.m2/repository/org/drools/drools-mvel/7.67.0.Final-redhat-00019/drools-mvel-7.67.0.Final-redhat-00019.jar:/Users/henriorespati/.m2/repository/org/kie/soup/kie-soup-project-datamodel-commons/7.67.0.Final-redhat-00019/kie-soup-project-datamodel-commons-7.67.0.Final-redhat-00019.jar:/Users/henriorespati/.m2/repository/org/drools/drools-canonical-model/7.67.0.Final-redhat-00019/drools-canonical-model-7.67.0.Final-redhat-00019.jar:/Users/henriorespati/.m2/repository/org/drools/drools-model-compiler/7.67.0.Final-redhat-00019/drools-model-compiler-7.67.0.Final-redhat-00019.jar:/Users/henriorespati/.m2/repository/org/drools/drools-mvel-compiler/7.67.0.Final-redhat-00019/drools-mvel-compiler-7.67.0.Final-redhat-00019.jar:/Users/henriorespati/.m2/repository/org/apache/commons/commons-lang3/3.11.0.redhat-00001/commons-lang3-3.11.0.redhat-00001.jar:/Users/henriorespati/.m2/repository/org/apache/commons/commons-math3/3.4.1.redhat-3/commons-math3-3.4.1.redhat-3.jar:/Users/henriorespati/.m2/repository/org/reflections/reflections/0.9.11.redhat-00004/reflections-0.9.11.redhat-00004.jar:/Users/henriorespati/.m2/repository/com/google/guava/guava/25.0.0.redhat-1/guava-25.0.0.redhat-1.jar:/Users/henriorespati/.m2/repository/com/google/code/findbugs/jsr305/1.3.9/jsr305-1.3.9.jar:/Users/henriorespati/.m2/repository/org/checkerframework/checker-compat-qual/2.0.0/checker-compat-qual-2.0.0.jar:/Users/henriorespati/.m2/repository/com/google/errorprone/error_prone_annotations/2.1.3/error_prone_annotations-2.1.3.jar:/Users/henriorespati/.m2/repository/com/google/j2objc/j2objc-annotations/1.1/j2objc-annotations-1.1.jar:/Users/henriorespati/.m2/repository/org/codehaus/mojo/animal-sniffer-annotations/1.14/animal-sniffer-annotations-1.14.jar:/Users/henriorespati/.m2/repository/org/optaplanner/optaplanner-persistence-jaxb/7.67.0.Final-redhat-00019/optaplanner-persistence-jaxb-7.67.0.Final-redhat-00019.jar:/Users/henriorespati/.m2/repository/org/optaplanner/optaplanner-persistence-common/7.67.0.Final-redhat-00019/optaplanner-persistence-common-7.67.0.Final-redhat-00019.jar:/Users/henriorespati/.m2/repository/jakarta/xml/bind/jakarta.xml.bind-api/2.3.3.redhat-00002/jakarta.xml.bind-api-2.3.3.redhat-00002.jar:/Users/henriorespati/.m2/repository/jakarta/activation/jakarta.activation-api/1.2.2.redhat-00001/jakarta.activation-api-1.2.2.redhat-00001.jar:/Users/henriorespati/.m2/repository/junit/junit/4.13.2/junit-4.13.2.jar:/Users/henriorespati/.m2/repository/org/hamcrest/hamcrest-core/1.3/hamcrest-core-1.3.jar:/Users/henriorespati/.m2/repository/com/thoughtworks/xstream/xstream/1.4.19.redhat-00001/xstream-1.4.19.redhat-00001.jar:/Users/henriorespati/.m2/repository/io/github/x-stream/mxparser/1.2.2/mxparser-1.2.2.jar:/Users/henriorespati/.m2/repository/xmlpull/xmlpull/1.1.3.1/xmlpull-1.1.3.1.jar:/Users/henriorespati/.m2/repository/org/drools/drools-scenario-simulation-api/7.67.0.Final-redhat-00019/drools-scenario-simulation-api-7.67.0.Final-redhat-00019.jar:/Users/henriorespati/.m2/repository/org/kie/soup/kie-soup-project-datamodel-api/7.67.0.Final-redhat-00019/kie-soup-project-datamodel-api-7.67.0.Final-redhat-00019.jar:/Users/henriorespati/.m2/repository/org/drools/drools-scenario-simulation-backend/7.67.0.Final-redhat-00019/drools-scenario-simulation-backend-7.67.0.Final-redhat-00019.jar:/Users/henriorespati/.m2/repository/com/fasterxml/jackson/core/jackson-databind/2.12.6.1-redhat-00004/jackson-databind-2.12.6.1-redhat-00004.jar:/Users/henriorespati/.m2/repository/com/fasterxml/jackson/core/jackson-annotations/2.12.6.redhat-00001/jackson-annotations-2.12.6.redhat-00001.jar:/Users/henriorespati/.m2/repository/com/fasterxml/jackson/core/jackson-core/2.12.6.redhat-00001/jackson-core-2.12.6.redhat-00001.jar:/Users/henriorespati/.m2/repository/org/kie/soup/kie-soup-commons/7.67.0.Final-redhat-00019/kie-soup-commons-7.67.0.Final-redhat-00019.jar:/Users/henriorespati/.m2/repository/org/mvel/mvel2/2.4.14.Final/mvel2-2.4.14.Final.jar:/Users/henriorespati/.m2/repository/org/drools/drools-compiler/7.67.0.Final-redhat-00019/drools-compiler-7.67.0.Final-redhat-00019.jar:/Users/henriorespati/.m2/repository/org/drools/drools-core-reflective/7.67.0.Final-redhat-00019/drools-core-reflective-7.67.0.Final-redhat-00019.jar:/Users/henriorespati/.m2/repository/org/kie/kie-memory-compiler/7.67.0.Final-redhat-00019/kie-memory-compiler-7.67.0.Final-redhat-00019.jar:/Users/henriorespati/.m2/repository/org/drools/drools-ecj/7.67.0.Final-redhat-00019/drools-ecj-7.67.0.Final-redhat-00019.jar:/Users/henriorespati/.m2/repository/org/antlr/antlr-runtime/3.5.2.redhat-1/antlr-runtime-3.5.2.redhat-1.jar:/Users/henriorespati/.m2/repository/org/drools/drools-decisiontables/7.67.0.Final-redhat-00019/drools-decisiontables-7.67.0.Final-redhat-00019.jar:/Users/henriorespati/.m2/repository/org/drools/drools-templates/7.67.0.Final-redhat-00019/drools-templates-7.67.0.Final-redhat-00019.jar:/Users/henriorespati/.m2/repository/org/apache/poi/poi-ooxml/4.1.2/poi-ooxml-4.1.2.jar:/Users/henriorespati/.m2/repository/org/apache/poi/poi-ooxml-schemas/4.1.2/poi-ooxml-schemas-4.1.2.jar:/Users/henriorespati/.m2/repository/org/apache/xmlbeans/xmlbeans/3.1.0/xmlbeans-3.1.0.jar:/Users/henriorespati/.m2/repository/org/apache/commons/commons-compress/1.19/commons-compress-1.19.jar:/Users/henriorespati/.m2/repository/com/github/virtuald/curvesapi/1.06/curvesapi-1.06.jar:/Users/henriorespati/.m2/repository/org/apache/poi/poi/4.1.2/poi-4.1.2.jar:/Users/henriorespati/.m2/repository/org/apache/commons/commons-collections4/4.4/commons-collections4-4.4.jar:/Users/henriorespati/.m2/repository/com/zaxxer/SparseBitSet/1.2/SparseBitSet-1.2.jar:/Users/henriorespati/.m2/repository/org/drools/drools-workbench-models-guided-dtable/7.67.0.Final-redhat-00019/drools-workbench-models-guided-dtable-7.67.0.Final-redhat-00019.jar:/Users/henriorespati/.m2/repository/org/drools/drools-workbench-models-datamodel-api/7.67.0.Final-redhat-00019/drools-workbench-models-datamodel-api-7.67.0.Final-redhat-00019.jar:/Users/henriorespati/.m2/repository/org/drools/drools-workbench-models-commons/7.67.0.Final-redhat-00019/drools-workbench-models-commons-7.67.0.Final-redhat-00019.jar:/Users/henriorespati/.m2/repository/org/jbpm/jbpm-bpmn2/7.67.0.Final-redhat-00019/jbpm-bpmn2-7.67.0.Final-redhat-00019.jar:/Users/henriorespati/.m2/repository/org/jbpm/jbpm-flow-builder/7.67.0.Final-redhat-00019/jbpm-flow-builder-7.67.0.Final-redhat-00019.jar:/Users/henriorespati/.m2/repository/org/jbpm/jbpm-flow/7.67.0.Final-redhat-00019/jbpm-flow-7.67.0.Final-redhat-00019.jar:/Users/henriorespati/.m2/repository/org/drools/drools-serialization-protobuf/7.67.0.Final-redhat-00019/drools-serialization-protobuf-7.67.0.Final-redhat-00019.jar:/Users/henriorespati/.m2/repository/com/google/protobuf/protobuf-java/3.19.4/protobuf-java-3.19.4.jar:/Users/henriorespati/.m2/repository/com/fasterxml/jackson/datatype/jackson-datatype-jsr310/2.12.6.redhat-00001/jackson-datatype-jsr310-2.12.6.redhat-00001.jar:/Users/henriorespati/.m2/repository/org/kie/kie-dmn-feel/7.67.0.Final-redhat-00019/kie-dmn-feel-7.67.0.Final-redhat-00019.jar:/Users/henriorespati/.m2/repository/org/kie/kie-dmn-model/7.67.0.Final-redhat-00019/kie-dmn-model-7.67.0.Final-redhat-00019.jar:/Users/henriorespati/.m2/repository/org/antlr/antlr4-runtime/4.9.2.redhat-00002/antlr4-runtime-4.9.2.redhat-00002.jar:/Users/henriorespati/.m2/repository/com/github/javaparser/javaparser-core/3.23.1/javaparser-core-3.23.1.jar:/Users/henriorespati/.m2/repository/ch/obermuhlner/big-math/2.0.1/big-math-2.0.1.jar:/Users/henriorespati/.m2/repository/org/kie/kie-dmn-api/7.67.0.Final-redhat-00019/kie-dmn-api-7.67.0.Final-redhat-00019.jar:/Users/henriorespati/.m2/repository/org/kie/kie-dmn-core/7.67.0.Final-redhat-00019/kie-dmn-core-7.67.0.Final-redhat-00019.jar:/Users/henriorespati/.m2/repository/org/kie/kie-dmn-backend/7.67.0.Final-redhat-00019/kie-dmn-backend-7.67.0.Final-redhat-00019.jar:/Users/henriorespati/.m2/repository/org/drools/drools-ruleunit/7.67.0.Final-redhat-00019/drools-ruleunit-7.67.0.Final-redhat-00019.jar:/Users/henriorespati/.m2/repository/org/drools/drools-mvel-parser/7.67.0.Final-redhat-00019/drools-mvel-parser-7.67.0.Final-redhat-00019.jar:/Users/henriorespati/.m2/repository/org/drools/drools-alphanetwork-compiler/7.67.0.Final-redhat-00019/drools-alphanetwork-compiler-7.67.0.Final-redhat-00019.jar:/Users/henriorespati/.m2/repository/org/jpmml/pmml-model/1.5.1/pmml-model-1.5.1.jar:/Users/henriorespati/.m2/repository/org/jpmml/pmml-agent/1.5.1/pmml-agent-1.5.1.jar:/Users/henriorespati/.m2/repository/org/jbpm/jbpm-test/7.67.0.Final-redhat-00019/jbpm-test-7.67.0.Final-redhat-00019.jar:/Users/henriorespati/.m2/repository/org/jbpm/jbpm-persistence-jpa/7.67.0.Final-redhat-00019/jbpm-persistence-jpa-7.67.0.Final-redhat-00019.jar:/Users/henriorespati/.m2/repository/org/jbpm/jbpm-persistence-api/7.67.0.Final-redhat-00019/jbpm-persistence-api-7.67.0.Final-redhat-00019.jar:/Users/henriorespati/.m2/repository/org/drools/drools-persistence-jpa/7.67.0.Final-redhat-00019/drools-persistence-jpa-7.67.0.Final-redhat-00019.jar:/Users/henriorespati/.m2/repository/org/drools/drools-persistence-api/7.67.0.Final-redhat-00019/drools-persistence-api-7.67.0.Final-redhat-00019.jar:/Users/henriorespati/.m2/repository/org/jbpm/jbpm-audit/7.67.0.Final-redhat-00019/jbpm-audit-7.67.0.Final-redhat-00019.jar:/Users/henriorespati/.m2/repository/org/jbpm/jbpm-query-jpa/7.67.0.Final-redhat-00019/jbpm-query-jpa-7.67.0.Final-redhat-00019.jar:/Users/henriorespati/.m2/repository/org/jbpm/jbpm-human-task-core/7.67.0.Final-redhat-00019/jbpm-human-task-core-7.67.0.Final-redhat-00019.jar:/Users/henriorespati/.m2/repository/jakarta/annotation/jakarta.annotation-api/1.3.5.redhat-00003/jakarta.annotation-api-1.3.5.redhat-00003.jar:/Users/henriorespati/.m2/repository/com/sun/mail/jakarta.mail/1.6.5.redhat-00001/jakarta.mail-1.6.5.redhat-00001.jar:/Users/henriorespati/.m2/repository/com/sun/activation/jakarta.activation/1.2.1/jakarta.activation-1.2.1.jar:/Users/henriorespati/.m2/repository/org/slf4j/jcl-over-slf4j/1.7.30.redhat-00004/jcl-over-slf4j-1.7.30.redhat-00004.jar:/Users/henriorespati/.m2/repository/org/jbpm/jbpm-human-task-workitems/7.67.0.Final-redhat-00019/jbpm-human-task-workitems-7.67.0.Final-redhat-00019.jar:/Users/henriorespati/.m2/repository/org/jbpm/jbpm-shared-services/7.67.0.Final-redhat-00019/jbpm-shared-services-7.67.0.Final-redhat-00019.jar:/Users/henriorespati/.m2/repository/org/jbpm/jbpm-services-api/7.67.0.Final-redhat-00019/jbpm-services-api-7.67.0.Final-redhat-00019.jar:/Users/henriorespati/.m2/repository/org/jbpm/jbpm-case-mgmt-api/7.67.0.Final-redhat-00019/jbpm-case-mgmt-api-7.67.0.Final-redhat-00019.jar:/Users/henriorespati/.m2/repository/org/jbpm/jbpm-runtime-manager/7.67.0.Final-redhat-00019/jbpm-runtime-manager-7.67.0.Final-redhat-00019.jar:/Users/henriorespati/.m2/repository/org/eclipse/aether/aether-api/1.1.0.redhat-1/aether-api-1.1.0.redhat-1.jar:/Users/henriorespati/.m2/repository/org/jbpm/jbpm-human-task-audit/7.67.0.Final-redhat-00019/jbpm-human-task-audit-7.67.0.Final-redhat-00019.jar:/Users/henriorespati/.m2/repository/jakarta/inject/jakarta.inject-api/1.0.3.redhat-00001/jakarta.inject-api-1.0.3.redhat-00001.jar:/Users/henriorespati/.m2/repository/org/jbpm/jbpm-human-task-jpa/7.67.0.Final-redhat-00019/jbpm-human-task-jpa-7.67.0.Final-redhat-00019.jar:/Users/henriorespati/.m2/repository/com/h2database/h2/1.4.197.redhat-00004/h2-1.4.197.redhat-00004.jar:/Users/henriorespati/.m2/repository/org/hibernate/hibernate-entitymanager/5.3.20.Final-redhat-00001/hibernate-entitymanager-5.3.20.Final-redhat-00001.jar:/Users/henriorespati/.m2/repository/org/jboss/logging/jboss-logging/3.3.2.Final/jboss-logging-3.3.2.Final.jar:/Users/henriorespati/.m2/repository/org/dom4j/dom4j/2.1.3/dom4j-2.1.3.jar:/Users/henriorespati/.m2/repository/org/hibernate/common/hibernate-commons-annotations/5.0.4.Final/hibernate-commons-annotations-5.0.4.Final.jar:/Users/henriorespati/.m2/repository/javax/persistence/javax.persistence-api/2.2/javax.persistence-api-2.2.jar:/Users/henriorespati/.m2/repository/net/bytebuddy/byte-buddy/1.9.11/byte-buddy-1.9.11.jar:/Users/henriorespati/.m2/repository/org/jboss/spec/javax/transaction/jboss-transaction-api_1.2_spec/1.1.1.Final/jboss-transaction-api_1.2_spec-1.1.1.Final.jar:/Users/henriorespati/.m2/repository/org/hibernate/hibernate-core/5.3.20.Final-redhat-00001/hibernate-core-5.3.20.Final-redhat-00001.jar:/Users/henriorespati/.m2/repository/antlr/antlr/2.7.7/antlr-2.7.7.jar:/Users/henriorespati/.m2/repository/org/jboss/jandex/2.0.5.Final/jandex-2.0.5.Final.jar:/Users/henriorespati/.m2/repository/com/fasterxml/classmate/1.3.4/classmate-1.3.4.jar:/Users/henriorespati/.m2/repository/org/glassfish/jaxb/jaxb-runtime/2.3.1/jaxb-runtime-2.3.1.jar:/Users/henriorespati/.m2/repository/org/glassfish/jaxb/txw2/2.3.1/txw2-2.3.1.jar:/Users/henriorespati/.m2/repository/com/sun/istack/istack-commons-runtime/3.0.7/istack-commons-runtime-3.0.7.jar:/Users/henriorespati/.m2/repository/org/jvnet/staxex/stax-ex/1.8/stax-ex-1.8.jar:/Users/henriorespati/.m2/repository/com/sun/xml/fastinfoset/FastInfoset/1.2.15/FastInfoset-1.2.15.jar:/Users/henriorespati/.m2/repository/jakarta/persistence/jakarta.persistence-api/2.2.3.redhat-00001/jakarta.persistence-api-2.2.3.redhat-00001.jar:/Users/henriorespati/.m2/repository/org/jboss/narayana/jta/narayana-jta/5.9.0.Final-redhat-00001/narayana-jta-5.9.0.Final-redhat-00001.jar:/Users/henriorespati/.m2/repository/org/jboss/jboss-transaction-spi-jakarta/7.6.1.Final-redhat-00002/jboss-transaction-spi-jakarta-7.6.1.Final-redhat-00002.jar:/Users/henriorespati/.m2/repository/org/javassist/javassist/3.26.0.GA-redhat-00001/javassist-3.26.0.GA-redhat-00001.jar:/Users/henriorespati/.m2/repository/jakarta/transaction/jakarta.transaction-api/1.3.3.redhat-00002/jakarta.transaction-api-1.3.3.redhat-00002.jar:/Users/henriorespati/.m2/repository/org/kie/kie-test-util/7.67.0.Final-redhat-00019/kie-test-util-7.67.0.Final-redhat-00019.jar:/Users/henriorespati/.m2/repository/commons-collections/commons-collections/3.2.2.redhat-2/commons-collections-3.2.2.redhat-2.jar:/Users/henriorespati/.m2/repository/org/apache/tomcat/tomcat-dbcp/9.0.21.redhat-5/tomcat-dbcp-9.0.21.redhat-5.jar:/Users/henriorespati/.m2/repository/org/apache/tomcat/tomcat-juli/9.0.21.redhat-5/tomcat-juli-9.0.21.redhat-5.jar:/Users/henriorespati/.m2/repository/simple-jndi/simple-jndi/0.11.4.1/simple-jndi-0.11.4.1.jar:/Users/henriorespati/.m2/repository/ch/qos/logback/logback-classic/1.2.8/logback-classic-1.2.8.jar:/Users/henriorespati/.m2/repository/ch/qos/logback/logback-core/1.2.8/logback-core-1.2.8.jar:/Users/henriorespati/.m2/repository/org/apache/maven/maven-model/3.3.9.redhat-2/maven-model-3.3.9.redhat-2.jar:/Users/henriorespati/.m2/repository/org/codehaus/plexus/plexus-utils/3.0.22.redhat-00001/plexus-utils-3.0.22.redhat-00001.jar:/Users/henriorespati/.m2/repository/org/jbpm/jbpm-test-util/7.67.0.Final-redhat-00019/jbpm-test-util-7.67.0.Final-redhat-00019.jar:/Users/henriorespati/.m2/repository/commons-io/commons-io/2.7.0.redhat-00003/commons-io-2.7.0.redhat-00003.jar:/Users/henriorespati/.m2/repository/org/kie/kie-ci/7.67.0.Final-redhat-00019/kie-ci-7.67.0.Final-redhat-00019.jar:/Users/henriorespati/.m2/repository/org/kie/soup/kie-soup-maven-integration/7.67.0.Final-redhat-00019/kie-soup-maven-integration-7.67.0.Final-redhat-00019.jar:/Users/henriorespati/.m2/repository/org/apache/maven/maven-artifact/3.3.9.redhat-2/maven-artifact-3.3.9.redhat-2.jar:/Users/henriorespati/.m2/repository/org/apache/maven/maven-plugin-api/3.3.9.redhat-2/maven-plugin-api-3.3.9.redhat-2.jar:/Users/henriorespati/.m2/repository/org/eclipse/aether/aether-util/1.1.0.redhat-1/aether-util-1.1.0.redhat-1.jar:/Users/henriorespati/.m2/repository/org/eclipse/aether/aether-spi/1.1.0.redhat-1/aether-spi-1.1.0.redhat-1.jar:/Users/henriorespati/.m2/repository/org/eclipse/aether/aether-transport-file/1.1.0.redhat-1/aether-transport-file-1.1.0.redhat-1.jar:/Users/henriorespati/.m2/repository/org/eclipse/aether/aether-transport-http/1.1.0.redhat-1/aether-transport-http-1.1.0.redhat-1.jar:/Users/henriorespati/.m2/repository/jakarta/enterprise/jakarta.enterprise.cdi-api/2.0.2.redhat-00004/jakarta.enterprise.cdi-api-2.0.2.redhat-00004.jar:/Users/henriorespati/.m2/repository/jakarta/el/jakarta.el-api/3.0.3.redhat-00002/jakarta.el-api-3.0.3.redhat-00002.jar:/Users/henriorespati/.m2/repository/jakarta/interceptor/jakarta.interceptor-api/1.2.5.redhat-00002/jakarta.interceptor-api-1.2.5.redhat-00002.jar:/Users/henriorespati/.m2/repository/jakarta/ejb/jakarta.ejb-api/3.2.6/jakarta.ejb-api-3.2.6.jar:/Users/henriorespati/.m2/repository/org/apache/ant/ant/1.10.11/ant-1.10.11.jar:/Users/henriorespati/.m2/repository/org/apache/ant/ant-launcher/1.10.11/ant-launcher-1.10.11.jar:/Users/henriorespati/.m2/repository/org/apache/httpcomponents/httpcore/4.4.14.redhat-00001/httpcore-4.4.14.redhat-00001.jar:/Users/henriorespati/.m2/repository/com/google/inject/guice/4.0.0.redhat-00004/guice-4.0.0.redhat-00004-no_aop.jar:/Users/henriorespati/.m2/repository/aopalliance/aopalliance/1.0/aopalliance-1.0.jar:/Users/henriorespati/.m2/repository/org/apache/maven/maven-core/3.3.9.redhat-2/maven-core-3.3.9.redhat-2.jar:/Users/henriorespati/.m2/repository/org/apache/maven/maven-repository-metadata/3.3.9.redhat-2/maven-repository-metadata-3.3.9.redhat-2.jar:/Users/henriorespati/.m2/repository/org/codehaus/plexus/plexus-interpolation/1.21.0.redhat-1/plexus-interpolation-1.21.0.redhat-1.jar:/Users/henriorespati/.m2/repository/org/codehaus/plexus/plexus-component-annotations/1.6.0.redhat-1/plexus-component-annotations-1.6.0.redhat-1.jar:/Users/henriorespati/.m2/repository/org/apache/maven/maven-model-builder/3.3.9.redhat-2/maven-model-builder-3.3.9.redhat-2.jar:/Users/henriorespati/.m2/repository/org/apache/maven/maven-builder-support/3.3.9.redhat-2/maven-builder-support-3.3.9.redhat-2.jar:/Users/henriorespati/.m2/repository/org/apache/maven/maven-settings/3.3.9.redhat-2/maven-settings-3.3.9.redhat-2.jar:/Users/henriorespati/.m2/repository/org/apache/maven/maven-settings-builder/3.3.9.redhat-2/maven-settings-builder-3.3.9.redhat-2.jar:/Users/henriorespati/.m2/repository/org/apache/maven/maven-compat/3.3.9.redhat-2/maven-compat-3.3.9.redhat-2.jar:/Users/henriorespati/.m2/repository/org/apache/maven/maven-aether-provider/3.3.9.redhat-2/maven-aether-provider-3.3.9.redhat-2.jar:/Users/henriorespati/.m2/repository/org/apache/maven/wagon/wagon-provider-api/3.0.0.redhat-2/wagon-provider-api-3.0.0.redhat-2.jar:/Users/henriorespati/.m2/repository/org/sonatype/plexus/plexus-sec-dispatcher/1.3.0.redhat-1/plexus-sec-dispatcher-1.3.0.redhat-1.jar:/Users/henriorespati/.m2/repository/org/codehaus/plexus/plexus-classworlds/2.5.2.redhat-2/plexus-classworlds-2.5.2.redhat-2.jar:/Users/henriorespati/.m2/repository/org/eclipse/aether/aether-impl/1.1.0.redhat-1/aether-impl-1.1.0.redhat-1.jar:/Users/henriorespati/.m2/repository/org/eclipse/aether/aether-connector-basic/1.1.0.redhat-1/aether-connector-basic-1.1.0.redhat-1.jar:/Users/henriorespati/.m2/repository/org/eclipse/aether/aether-transport-wagon/1.1.0.redhat-1/aether-transport-wagon-1.1.0.redhat-1.jar:/Users/henriorespati/.m2/repository/org/eclipse/sisu/org.eclipse.sisu.plexus/0.3.2.redhat-00002/org.eclipse.sisu.plexus-0.3.2.redhat-00002.jar:/Users/henriorespati/.m2/repository/javax/enterprise/cdi-api/1.0/cdi-api-1.0.jar:/Users/henriorespati/.m2/repository/javax/annotation/jsr250-api/1.0/jsr250-api-1.0.jar:/Users/henriorespati/.m2/repository/javax/inject/javax.inject/1/javax.inject-1.jar:/Users/henriorespati/.m2/repository/org/eclipse/sisu/org.eclipse.sisu.inject.extender/0.3.2.redhat-00002/org.eclipse.sisu.inject.extender-0.3.2.redhat-00002.jar:/Users/henriorespati/.m2/repository/org/eclipse/sisu/org.eclipse.sisu.inject/0.3.2.redhat-00002/org.eclipse.sisu.inject-0.3.2.redhat-00002.jar:/Users/henriorespati/.m2/repository/org/apache/maven/wagon/wagon-http/3.0.0.redhat-2/wagon-http-3.0.0.redhat-2.jar:/Users/henriorespati/.m2/repository/org/apache/maven/wagon/wagon-http-shared/3.0.0.redhat-2/wagon-http-shared-3.0.0.redhat-2.jar:/Users/henriorespati/.m2/repository/org/jsoup/jsoup/1.7.2/jsoup-1.7.2.jar:/Users/henriorespati/.m2/repository/org/apache/httpcomponents/httpclient/4.5.3/httpclient-4.5.3.jar:/Users/henriorespati/.m2/repository/org/sonatype/plexus/plexus-cipher/1.7.0.redhat-00001/plexus-cipher-1.7.0.redhat-00001.jar:/Users/henriorespati/.m2/repository/org/junit/jupiter/junit-jupiter-engine/5.9.3/junit-jupiter-engine-5.9.3.jar:/Users/henriorespati/.m2/repository/org/junit/platform/junit-platform-engine/1.9.3/junit-platform-engine-1.9.3.jar:/Users/henriorespati/.m2/repository/org/opentest4j/opentest4j/1.2.0/opentest4j-1.2.0.jar:/Users/henriorespati/.m2/repository/org/junit/platform/junit-platform-commons/1.9.3/junit-platform-commons-1.9.3.jar:/Users/henriorespati/.m2/repository/org/junit/jupiter/junit-jupiter-api/5.9.3/junit-jupiter-api-5.9.3.jar:/Users/henriorespati/.m2/repository/org/apiguardian/apiguardian-api/1.1.2/apiguardian-api-1.1.2.jar:"/>
    <property name="sun.cpu.endian" value="little"/>
    <property name="user.home" value="/Users/henriorespati"/>
    <property name="user.language" value="en"/>
    <property name="java.specification.vendor" value="Oracle Corporation"/>
    <property name="java.version.date" value="2023-01-17"/>
    <property name="java.home" value="/opt/homebrew/Cellar/openjdk/19.0.2/libexec/openjdk.jdk/Contents/Home"/>
    <property name="file.separator" value="/"/>
    <property name="basedir" value="/Users/henriorespati/Documents/RH/Github/rhpamdemo/project"/>
    <property name="java.vm.compressedOopsMode" value="Zero based"/>
    <property name="line.separator" value="&#10;"/>
    <property name="java.vm.specification.vendor" value="Oracle Corporation"/>
    <property name="java.specification.name" value="Java Platform API Specification"/>
    <property name="apple.awt.application.name" value="ForkedBooter"/>
    <property name="surefire.real.class.path" value="/Users/henriorespati/Documents/RH/Github/rhpamdemo/project/target/surefire/surefirebooter-20230511162249212_3.jar"/>
    <property name="sun.management.compiler" value="HotSpot 64-Bit Tiered Compilers"/>
    <property name="ftp.nonProxyHosts" value="local|*.local|169.254/16|*.169.254/16"/>
    <property name="java.runtime.version" value="19.0.2"/>
    <property name="user.name" value="henriorespati"/>
    <property name="stdout.encoding" value="UTF-8"/>
    <property name="path.separator" value=":"/>
    <property name="os.version" value="13.2.1"/>
    <property name="java.runtime.name" value="OpenJDK Runtime Environment"/>
    <property name="file.encoding" value="UTF-8"/>
    <property name="java.vm.name" value="OpenJDK 64-Bit Server VM"/>
    <property name="java.vendor.version" value="Homebrew"/>
    <property name="localRepository" value="/Users/henriorespati/.m2/repository"/>
    <property name="java.vendor.url.bug" value="https://github.com/Homebrew/homebrew-core/issues"/>
    <property name="java.io.tmpdir" value="/var/folders/52/8c619bvx2l7f9vnk5j4t2k700000gn/T/"/>
    <property name="java.version" value="19.0.2"/>
    <property name="user.dir" value="/Users/henriorespati/Documents/RH/Github/rhpamdemo/project"/>
    <property name="os.arch" value="aarch64"/>
    <property name="java.vm.specification.name" value="Java Virtual Machine Specification"/>
    <property name="native.encoding" value="UTF-8"/>
    <property name="java.library.path" value="/Users/henriorespati/Library/Java/Extensions:/Library/Java/Extensions:/Network/Library/Java/Extensions:/System/Library/Java/Extensions:/usr/lib/java:."/>
    <property name="java.vm.info" value="mixed mode, sharing"/>
    <property name="stderr.encoding" value="UTF-8"/>
    <property name="java.vendor" value="Homebrew"/>
    <property name="java.vm.version" value="19.0.2"/>
    <property name="sun.io.unicode.encoding" value="UnicodeBig"/>
    <property name="socksNonProxyHosts" value="local|*.local|169.254/16|*.169.254/16"/>
    <property name="java.class.version" value="63.0"/>
  </properties>
  <testcase name="testProcess" classname="com.henriorespati.rhpamdemo.BusinessProcess1Test" time="0.012">
    <system-out><![CDATA[16:22:49.562 [main] DEBUG org.jbpm.services.task.identity.AbstractUserGroupInfo - Callback properties will be loaded from classpath:/usergroups.properties
16:22:49.564 [main] DEBUG org.jbpm.services.task.identity.JBossUserGroupCallbackImpl - Loaded properties {doctor=users,PM, Administrator=Administrators, frontDesk=users,PM, manager=managers,HR, mary=admins,managers,users,HR, admin=admins,managers,users,webdesigners,functionalanalysts, sales-rep=admin,managers,users,sales, john=admins,managers,users,PM, salaboy=admins,users, krisv=admins,managers,users}
16:22:49.564 [main] DEBUG org.jbpm.test.JbpmJUnitBaseTestCase - Configuring entire test case to have data source enabled true and session persistence enabled true with persistence unit name org.jbpm.persistence.jpa
]]></system-out>
  </testcase>
</testsuite>